<?xml version="1.0" encoding="UTF-8"?>
<!-- Generated by org.testng.reporters.JUnitXMLReporter -->
<testsuite ignored="3" hostname="DESKTOP-S3KSH1H" failures="0" tests="2" name="Car Loan" time="0.03" errors="0" timestamp="2024-12-05T13:00:48 IST">
  <testcase classname="Test.Day3" name="LoginApiCarLoan" time="0.003"/>
  <testcase classname="Test.Day3" name="webloginCarloan" time="0.012"/>
  <testcase classname="Test.Day3" name="MobileSignoutLoan" time="0.0">
    <ignored/>
  </testcase> <!-- MobileSignoutLoan -->
  <testcase classname="Test.Day3" name="MobileLogInCarLoan" time="0.0">
    <ignored/>
  </testcase> <!-- MobileLogInCarLoan -->
  <testcase classname="Test.Day3" name="MobileSigninLoan" time="0.0">
    <ignored/>
  </testcase> <!-- MobileSigninLoan -->
</testsuite> <!-- Car Loan -->
