<?xml version="1.0" encoding="UTF-8"?>
<!-- Generated by org.testng.reporters.JUnitXMLReporter -->
<testsuite ignored="1" hostname="DESKTOP-S3KSH1H" failures="0" tests="7" name="Personal Loan" time="0.148" errors="0" timestamp="2024-12-05T13:00:48 IST">
  <testcase classname="Test.Day1" name="Demo" time="0.013"/>
  <testcase classname="Test.Day2" name="ploan" time="0.004"/>
  <testcase classname="Test.Day2" name="webloan" time="0.014"/>
  <testcase classname="Test.Day4" name="websigninHomeloan" time="0.007"/>
  <testcase classname="Test.Day4" name="LoginApiCarLoan" time="0.004"/>
  <testcase classname="Test.Day4" name="MobileLogInHomeLoan" time="0.003"/>
  <testcase classname="Test.Day4" name="webloginHomeloan" time="0.003"/>
  <testcase classname="Test.Day1" name="secondTest" time="0.0">
    <ignored/>
  </testcase> <!-- secondTest -->
</testsuite> <!-- Personal Loan -->
