<?xml version="1.0" encoding="UTF-8"?>
<testng-results ignored="4" total="13" passed="9" failed="0" skipped="0">
  <reporter-output>
  </reporter-output>
  <suite started-at="2024-12-05T13:00:47 IST" name="Suite" finished-at="2024-12-05T13:00:48 IST" duration-ms="355">
    <groups>
      <group name="Smoke">
        <method signature="Day1.Demo()[pri:0, instance:Test.Day1@48f278eb]" name="Demo" class="Test.Day1"/>
        <method signature="Day2.webloan()[pri:0, instance:Test.Day2@7c24b813]" name="webloan" class="Test.Day2"/>
        <method signature="Day3.LoginApiCarLoan()[pri:0, instance:Test.Day3@2dc54ad4]" name="LoginApiCarLoan" class="Test.Day3"/>
      </group> <!-- Smoke -->
    </groups>
    <test started-at="2024-12-05T13:00:47 IST" name="Personal Loan" finished-at="2024-12-05T13:00:48 IST" duration-ms="148">
      <class name="Test.Day2">
        <test-method is-config="true" signature="prerequistic()[pri:0, instance:Test.Day2@7c24b813]" started-at="2024-12-05T13:00:47 IST" name="prerequistic" finished-at="2024-12-05T13:00:47 IST" duration-ms="1" status="PASS">
          <reporter-output>
          </reporter-output>
        </test-method> <!-- prerequistic -->
        <test-method is-config="true" signature="Bf()[pri:0, instance:Test.Day2@7c24b813]" started-at="2024-12-05T13:00:47 IST" name="Bf" finished-at="2024-12-05T13:00:47 IST" duration-ms="1" status="PASS">
          <reporter-output>
          </reporter-output>
        </test-method> <!-- Bf -->
        <test-method signature="ploan()[pri:0, instance:Test.Day2@7c24b813]" started-at="2024-12-05T13:00:47 IST" name="ploan" finished-at="2024-12-05T13:00:47 IST" duration-ms="4" status="PASS">
          <reporter-output>
          </reporter-output>
        </test-method> <!-- ploan -->
        <test-method is-config="true" signature="Af()[pri:0, instance:Test.Day2@7c24b813]" started-at="2024-12-05T13:00:47 IST" name="Af" finished-at="2024-12-05T13:00:47 IST" duration-ms="1" status="PASS">
          <reporter-output>
          </reporter-output>
        </test-method> <!-- Af -->
        <test-method is-config="true" signature="Bf()[pri:0, instance:Test.Day2@7c24b813]" started-at="2024-12-05T13:00:47 IST" name="Bf" finished-at="2024-12-05T13:00:47 IST" duration-ms="1" status="PASS">
          <reporter-output>
          </reporter-output>
        </test-method> <!-- Bf -->
        <test-method signature="webloan()[pri:0, instance:Test.Day2@7c24b813]" started-at="2024-12-05T13:00:47 IST" name="webloan" finished-at="2024-12-05T13:00:48 IST" duration-ms="14" status="PASS">
          <reporter-output>
          </reporter-output>
        </test-method> <!-- webloan -->
        <test-method is-config="true" signature="Af()[pri:0, instance:Test.Day2@7c24b813]" started-at="2024-12-05T13:00:48 IST" name="Af" finished-at="2024-12-05T13:00:48 IST" duration-ms="1" status="PASS">
          <reporter-output>
          </reporter-output>
        </test-method> <!-- Af -->
      </class> <!-- Test.Day2 -->
      <class name="Test.Day1">
        <test-method signature="Demo()[pri:0, instance:Test.Day1@48f278eb]" started-at="2024-12-05T13:00:47 IST" name="Demo" finished-at="2024-12-05T13:00:47 IST" duration-ms="13" status="PASS">
          <reporter-output>
          </reporter-output>
        </test-method> <!-- Demo -->
        <test-method is-config="true" signature="lastExcecute()[pri:0, instance:Test.Day1@48f278eb]" started-at="2024-12-05T13:00:48 IST" name="lastExcecute" finished-at="2024-12-05T13:00:48 IST" duration-ms="2" status="PASS">
          <reporter-output>
          </reporter-output>
        </test-method> <!-- lastExcecute -->
      </class> <!-- Test.Day1 -->
      <class name="Test.Day4">
        <test-method signature="websigninHomeloan(java.lang.String)[pri:0, instance:Test.Day4@21e360a]" started-at="2024-12-05T13:00:48 IST" name="websigninHomeloan" finished-at="2024-12-05T13:00:48 IST" duration-ms="7" status="PASS">
          <params>
            <param index="0">
              <value>
                <![CDATA[www.Loanweb.com]]>
              </value>
            </param>
          </params>
          <reporter-output>
          </reporter-output>
        </test-method> <!-- websigninHomeloan -->
        <test-method signature="LoginApiCarLoan()[pri:0, instance:Test.Day4@21e360a]" started-at="2024-12-05T13:00:48 IST" name="LoginApiCarLoan" finished-at="2024-12-05T13:00:48 IST" duration-ms="4" status="PASS">
          <reporter-output>
          </reporter-output>
        </test-method> <!-- LoginApiCarLoan -->
        <test-method signature="MobileLogInHomeLoan()[pri:0, instance:Test.Day4@21e360a]" started-at="2024-12-05T13:00:48 IST" name="MobileLogInHomeLoan" finished-at="2024-12-05T13:00:48 IST" duration-ms="3" status="PASS">
          <reporter-output>
          </reporter-output>
        </test-method> <!-- MobileLogInHomeLoan -->
        <test-method signature="webloginHomeloan()[pri:0, instance:Test.Day4@21e360a]" started-at="2024-12-05T13:00:48 IST" name="webloginHomeloan" finished-at="2024-12-05T13:00:48 IST" depends-on-methods="Test.Day4.websigninHomeloan" duration-ms="3" status="PASS">
          <reporter-output>
          </reporter-output>
        </test-method> <!-- webloginHomeloan -->
      </class> <!-- Test.Day4 -->
    </test> <!-- Personal Loan -->
    <test started-at="2024-12-05T13:00:48 IST" name="Car Loan" finished-at="2024-12-05T13:00:48 IST" duration-ms="30">
      <class name="Test.Day2">
        <test-method is-config="true" signature="Afsuite()[pri:0, instance:Test.Day2@7c24b813]" started-at="2024-12-05T13:00:48 IST" name="Afsuite" finished-at="2024-12-05T13:00:48 IST" duration-ms="3" status="PASS">
          <reporter-output>
          </reporter-output>
        </test-method> <!-- Afsuite -->
      </class> <!-- Test.Day2 -->
      <class name="Test.Day3">
        <test-method is-config="true" signature="Bfsuite()[pri:0, instance:Test.Day3@2dc54ad4]" started-at="2024-12-05T13:00:47 IST" name="Bfsuite" finished-at="2024-12-05T13:00:47 IST" duration-ms="18" status="PASS">
          <reporter-output>
          </reporter-output>
        </test-method> <!-- Bfsuite -->
        <test-method signature="LoginApiCarLoan()[pri:0, instance:Test.Day3@2dc54ad4]" started-at="2024-12-05T13:00:48 IST" name="LoginApiCarLoan" finished-at="2024-12-05T13:00:48 IST" duration-ms="3" status="PASS">
          <reporter-output>
          </reporter-output>
        </test-method> <!-- LoginApiCarLoan -->
        <test-method signature="webloginCarloan(java.lang.String)[pri:0, instance:Test.Day3@2dc54ad4]" started-at="2024-12-05T13:00:48 IST" name="webloginCarloan" finished-at="2024-12-05T13:00:48 IST" duration-ms="12" status="PASS">
          <params>
            <param index="0">
              <value>
                <![CDATA[www.google.com]]>
              </value>
            </param>
          </params>
          <reporter-output>
          </reporter-output>
        </test-method> <!-- webloginCarloan -->
      </class> <!-- Test.Day3 -->
    </test> <!-- Car Loan -->
  </suite> <!-- Suite -->
</testng-results>
